[debug] [2022-05-23T04:11:26.708Z] ----------------------------------------------------------------------
[debug] [2022-05-23T04:11:26.710Z] Command:       /home/mig/.nvm/versions/node/v16.14.2/bin/node /home/mig/.nvm/versions/node/v16.14.2/bin/firebase serve --only hosting
[debug] [2022-05-23T04:11:26.710Z] CLI Version:   11.0.0
[debug] [2022-05-23T04:11:26.710Z] Platform:      linux
[debug] [2022-05-23T04:11:26.710Z] Node Version:  v16.14.2
[debug] [2022-05-23T04:11:26.710Z] Time:          Sun May 22 2022 21:11:26 GMT-0700 (Pacific Daylight Time)
[debug] [2022-05-23T04:11:26.711Z] ----------------------------------------------------------------------
[debug] 
[debug] [2022-05-23T04:11:26.755Z] > command requires scopes: ["email","openid","https://www.googleapis.com/auth/cloudplatformprojects.readonly","https://www.googleapis.com/auth/firebase","https://www.googleapis.com/auth/cloud-platform"]
[debug] [2022-05-23T04:11:26.755Z] > authorizing via signed-in user (miggels995@gmail.com)
[debug] [2022-05-23T04:11:26.755Z] [iam] checking project findus-afb51 for permissions ["firebase.projects.get"]
[debug] [2022-05-23T04:11:26.757Z] >>> [apiv2][query] POST https://cloudresourcemanager.googleapis.com/v1/projects/findus-afb51:testIamPermissions [none]
[debug] [2022-05-23T04:11:26.757Z] >>> [apiv2][body] POST https://cloudresourcemanager.googleapis.com/v1/projects/findus-afb51:testIamPermissions {"permissions":["firebase.projects.get"]}
[debug] [2022-05-23T04:11:27.022Z] <<< [apiv2][status] POST https://cloudresourcemanager.googleapis.com/v1/projects/findus-afb51:testIamPermissions 200
[debug] [2022-05-23T04:11:27.022Z] <<< [apiv2][body] POST https://cloudresourcemanager.googleapis.com/v1/projects/findus-afb51:testIamPermissions {"permissions":["firebase.projects.get"]}
[debug] [2022-05-23T04:11:27.023Z] >>> [apiv2][query] GET https://firebase.googleapis.com/v1beta1/projects/findus-afb51 [none]
[debug] [2022-05-23T04:11:27.265Z] <<< [apiv2][status] GET https://firebase.googleapis.com/v1beta1/projects/findus-afb51 200
[debug] [2022-05-23T04:11:27.265Z] <<< [apiv2][body] GET https://firebase.googleapis.com/v1beta1/projects/findus-afb51 {"projectId":"findus-afb51","projectNumber":"320521837776","displayName":"FindUs","name":"projects/findus-afb51","resources":{"hostingSite":"findus-afb51","realtimeDatabaseInstance":"findus-afb51-default-rtdb","storageBucket":"findus-afb51.appspot.com","locationId":"us-central"},"state":"ACTIVE"}
[debug] [2022-05-23T04:11:27.266Z] >>> [apiv2][query] GET https://firebasehosting.googleapis.com/v1beta1/projects/findus-afb51/sites 
[debug] [2022-05-23T04:11:27.781Z] <<< [apiv2][status] GET https://firebasehosting.googleapis.com/v1beta1/projects/findus-afb51/sites 200
[debug] [2022-05-23T04:11:27.781Z] <<< [apiv2][body] GET https://firebasehosting.googleapis.com/v1beta1/projects/findus-afb51/sites {"sites":[{"name":"projects/findus-afb51/sites/findus-afb51","defaultUrl":"https://findus-afb51.web.app","type":"DEFAULT_SITE"},{"name":"projects/findus-afb51/sites/michaelleojacob-photo-tagging-app","defaultUrl":"https://michaelleojacob-photo-tagging-app.web.app","appId":"1:320521837776:web:b80c44c441c669129f12d5","type":"USER_SITE"}]}
[debug] [2022-05-23T04:11:27.781Z] >>> [apiv2][query] GET https://firebase.googleapis.com/v1beta1/projects/findus-afb51/webApps/-/config [none]
[debug] [2022-05-23T04:11:28.127Z] <<< [apiv2][status] GET https://firebase.googleapis.com/v1beta1/projects/findus-afb51/webApps/-/config 200
[debug] [2022-05-23T04:11:28.127Z] <<< [apiv2][body] GET https://firebase.googleapis.com/v1beta1/projects/findus-afb51/webApps/-/config {"projectId":"findus-afb51","appId":"1:320521837776:web:b80c44c441c669129f12d5","databaseURL":"https://findus-afb51-default-rtdb.firebaseio.com","storageBucket":"findus-afb51.appspot.com","locationId":"us-central","apiKey":"AIzaSyDZfHqf1DOVKGruNGS5EglfucSAsv8acUI","authDomain":"findus-afb51.firebaseapp.com","messagingSenderId":"320521837776","measurementId":"G-4PRGFLXVR3"}
[info] i  hosting[michaelleojacob-photo-tagging-app]: Serving hosting files from: build {"metadata":{"emulator":{"name":"hosting"},"message":"Serving hosting files from: \u001b[1mbuild\u001b[22m"}}
[info] ✔  hosting[michaelleojacob-photo-tagging-app]: Local server: http://localhost:5000 {"metadata":{"emulator":{"name":"hosting"},"message":"Local server: \u001b[4m\u001b[1mhttp://localhost:5000\u001b[22m\u001b[24m"}}
